Dec 25, 2022 8:47:37 AM org.apache.catalina.startup.Embedded initDirs
SEVERE: Cannot find specified temporary folder at tomcat/temp
Dec 25, 2022 8:47:38 AM org.apache.catalina.core.AprLifecycleListener lifecycleEvent
INFO: The Apache Tomcat Native library which allows optimal performance in production environments was not found on the java.library.path: /usr/java/packages/lib/amd64:/usr/lib/x86_64-linux-gnu/jni:/lib/x86_64-linux-gnu:/usr/lib/x86_64-linux-gnu:/usr/lib/jni:/lib:/usr/lib
Dec 25, 2022 8:47:38 AM org.apache.coyote.http11.Http11BaseProtocol init
INFO: Initializing Coyote HTTP/1.1 on http-8080
Dec 25, 2022 8:47:38 AM org.apache.catalina.startup.Catalina load
INFO: Initialization processed in 478 ms
Dec 25, 2022 8:47:38 AM org.apache.catalina.core.StandardService start
INFO: Starting service Catalina
Dec 25, 2022 8:47:38 AM org.apache.catalina.core.StandardEngine start
INFO: Starting Servlet Engine: Apache Tomcat/5.5.25
Dec 25, 2022 8:47:38 AM org.apache.catalina.core.StandardHost start
INFO: XML validation disabled
Dec 25, 2022 8:47:39 AM org.apache.catalina.startup.HostConfig deployWAR
INFO: Deploying web application archive openreports.war
Dec 25, 2022 8:47:45 AM org.eclipse.birt.report.engine.api.impl.ReportEngine <init>
FINE: ReportEngine created. EngineConfig: EngineConfig: logDest=<null>;logLevel=ALL;org.eclipse.birt.report.engine.api.EngineConfig.scriptObjects={};BIRT_HOME=;PLATFORM_CONTEXT=org.eclipse.birt.core.framework.PlatformServletContext@4ae263bf;org.eclipse.birt.report.engine.api.EngineConfig.emitterConfigs={html=org.eclipse.birt.report.engine.api.HTMLRenderOption@7103ab0}; 
Dec 25, 2022 8:47:45 AM org.eclipse.birt.report.engine.extension.internal.ExtensionManager getExtensions
FINE: Start load extension point: org.eclipse.birt.report.engine.reportitemGeneration
Dec 25, 2022 8:47:45 AM org.eclipse.birt.report.engine.extension.internal.ExtensionManager loadGenerationExtensionDefns
FINE: Load generation extension: Chart
Dec 25, 2022 8:47:45 AM org.eclipse.birt.report.engine.extension.internal.ExtensionManager getExtensions
FINE: Start load extension point: org.eclipse.birt.report.engine.reportitemPresentation
Dec 25, 2022 8:47:45 AM org.eclipse.birt.report.engine.extension.internal.ExtensionManager loadPresentationExtensionDefns
FINE: Load prsentation extension: Chart
Dec 25, 2022 8:47:45 AM org.eclipse.birt.report.engine.extension.internal.ExtensionManager getExtensions
FINE: Start load extension point: org.eclipse.birt.report.engine.reportitemQuery
Dec 25, 2022 8:47:45 AM org.eclipse.birt.report.engine.extension.internal.ExtensionManager loadQueryExtensionDefns
FINE: Load query extension: Chart
Dec 25, 2022 8:47:45 AM org.eclipse.birt.report.engine.extension.internal.ExtensionManager getExtensions
FINE: Start load extension point: org.eclipse.birt.report.engine.emitters
Dec 25, 2022 8:47:45 AM org.eclipse.birt.report.engine.extension.internal.ExtensionManager loadEmitterExtensionDefns
FINE: Load xls emitter org.eclipse.birt.report.engine.emitter.prototype.excel
Dec 25, 2022 8:47:45 AM org.eclipse.birt.report.engine.extension.internal.ExtensionManager loadEmitterExtensionDefns
FINE: Load html emitter org.eclipse.birt.report.engine.emitter.html
Dec 25, 2022 8:47:45 AM org.eclipse.birt.report.engine.extension.internal.ExtensionManager loadEmitterExtensionDefns
FINE: Load pdf emitter org.eclipse.birt.report.engine.emitter.pdf
Dec 25, 2022 8:47:45 AM org.eclipse.birt.report.engine.extension.internal.ExtensionManager loadEmitterExtensionDefns
FINE: Load doc emitter org.eclipse.birt.report.engine.emitter.word
Dec 25, 2022 8:47:45 AM org.eclipse.birt.report.engine.extension.internal.ExtensionManager loadEmitterExtensionDefns
FINE: Load postscript emitter org.eclipse.birt.report.engine.emitter.postscript
Dec 25, 2022 8:47:45 AM org.eclipse.birt.report.engine.extension.internal.ExtensionManager loadEmitterExtensionDefns
FINE: Load ppt emitter org.eclipse.birt.report.engine.emitter.ppt
Dec 25, 2022 8:47:45 AM org.eclipse.birt.report.engine.extension.internal.ExtensionManager getExtensions
FINE: Start load extension point: org.eclipse.birt.report.engine.reportEventHandler
Dec 25, 2022 8:47:45 AM org.eclipse.birt.report.engine.extension.internal.ExtensionManager getExtensions
FINE: Start load extension point: org.eclipse.birt.report.engine.reportItemPreparation
Dec 25, 2022 8:47:45 AM org.eclipse.birt.report.engine.extension.internal.ExtensionManager getExtensions
FINE: Start load extension point: org.eclipse.birt.report.engine.dataExtraction
Dec 25, 2022 8:47:45 AM org.eclipse.birt.report.engine.extension.internal.ExtensionManager loadDataExtractionExtensions
FINE: Load data extraction extension: org.eclipse.birt.report.engine.dataextraction.csv
Dec 25, 2022 8:47:45 AM org.eclipse.birt.report.engine.extension.internal.ExtensionManager getExtensions
FINE: Start load extension point: org.eclipse.birt.report.engine.extendedItemFactory
Dec 25, 2022 8:47:45 AM org.eclipse.birt.report.engine.extension.internal.ExtensionManager loadExtendedItems
FINE: Load extendedItem extension: Crosstab
Dec 25, 2022 8:47:45 AM org.eclipse.birt.report.engine.extension.internal.ExtensionManager loadExtendedItems
FINE: Load extendedItem extension: CrosstabCell
Dec 25, 2022 8:47:45 AM org.eclipse.birt.report.engine.extension.internal.ExtensionManager loadExtendedItems
FINE: Load extendedItem extension: AggregationCell
Dec 25, 2022 8:47:46 AM org.apache.coyote.http11.Http11BaseProtocol start
INFO: Starting Coyote HTTP/1.1 on http-8080
Dec 25, 2022 8:47:46 AM org.apache.jk.common.ChannelSocket init
INFO: JK: ajp13 listening on /0.0.0.0:8009
Dec 25, 2022 8:47:46 AM org.apache.jk.server.JkMain start
INFO: Jk running ID=0 time=0/88  config=null
Dec 25, 2022 8:47:46 AM org.apache.catalina.storeconfig.StoreLoader load
INFO: Find registry server-registry.xml at classpath resource
Dec 25, 2022 8:47:46 AM org.apache.catalina.startup.Catalina start
INFO: Server startup in 7931 ms
Dec 25, 2022 8:49:54 AM org.eclipse.birt.report.engine.api.impl.ReportEngineHelper openReportDesign
SEVERE: /home/superset/projets/openreports/c:\openreports-tomcat\reports\/CustomerList.rptdesign not found!
Dec 25, 2022 10:13:56 AM org.apache.coyote.http11.Http11BaseProtocol pause
INFO: Pausing Coyote HTTP/1.1 on http-8080
Dec 25, 2022 10:13:57 AM org.apache.catalina.core.StandardService stop
INFO: Stopping service Catalina
Dec 25, 2022 10:14:03 AM org.apache.coyote.http11.Http11BaseProtocol destroy
INFO: Stopping Coyote HTTP/1.1 on http-8080
Dec 25, 2022 10:14:03 AM org.apache.catalina.core.AprLifecycleListener lifecycleEvent
INFO: Failed shutdown of Apache Portable Runtime
